2014-10-13 17:36:58,916 [Worker-5] INFO  o.e.m.c.i.l.LifecycleMappingFactory - Using org.eclipse.m2e.jdt.JarLifecycleMapping lifecycle mapping for MavenProject: ar.com.interprete:spring-interprete-01:1.0 @ C:\spring-framework\gm\spring-interprete-01\pom.xml.
2014-10-13 17:37:02,296 [Worker-5] INFO  o.e.m.j.i.AbstractJavaProjectConfigurator - Adding source folder /spring-interprete-01/src/main/java
2014-10-13 17:37:02,299 [Worker-5] INFO  o.e.m.j.i.AbstractJavaProjectConfigurator - Adding resource folder /spring-interprete-01/src/main/resources
2014-10-13 17:37:02,300 [Worker-5] INFO  o.e.m.j.i.AbstractJavaProjectConfigurator - Adding source folder /spring-interprete-01/src/test/java
2014-10-13 17:37:02,300 [Worker-5] INFO  o.e.m.j.i.AbstractJavaProjectConfigurator - Adding resource folder /spring-interprete-01/src/test/resources
2014-10-13 17:37:02,307 [Worker-3] INFO  o.e.m.c.i.l.LifecycleMappingFactory - Using org.eclipse.m2e.jdt.JarLifecycleMapping lifecycle mapping for MavenProject: ar.com.interprete:spring-interprete-01:1.0 @ C:\spring-framework\gm\spring-interprete-01\pom.xml.
2014-10-13 17:37:09,154 [Worker-4] INFO  o.e.m.c.i.l.LifecycleMappingFactory - Using org.eclipse.m2e.jdt.JarLifecycleMapping lifecycle mapping for MavenProject: ar.com.interprete:spring-interprete-01:1.0 @ C:\spring-framework\gm\spring-interprete-01\pom.xml.
2014-10-13 17:37:09,405 [Worker-4] WARN  o.e.m.c.i.embedder.EclipseLogger - Using platform encoding (Cp1252 actually) to copy filtered resources, i.e. build is platform dependent!
2014-10-13 17:37:09,412 [Worker-4] INFO  o.e.m.c.i.embedder.EclipseLogger - Copying 0 resource
2014-10-13 17:37:09,414 [Worker-4] WARN  o.e.m.c.i.embedder.EclipseLogger - Using platform encoding (Cp1252 actually) to copy filtered resources, i.e. build is platform dependent!
2014-10-13 17:37:09,416 [Worker-4] INFO  o.e.m.c.i.embedder.EclipseLogger - Copying 0 resource
2014-10-13 18:07:40,661 [Worker-5] INFO  o.e.m.c.i.l.LifecycleMappingFactory - Using org.eclipse.m2e.jdt.JarLifecycleMapping lifecycle mapping for MavenProject: ar.com.interprete:spring-interprete-01:1.0 @ C:\spring-framework\gm\spring-interprete-01\pom.xml.
2014-10-13 18:07:40,758 [Worker-5] WARN  o.e.m.c.i.embedder.EclipseLogger - Using platform encoding (Cp1252 actually) to copy filtered resources, i.e. build is platform dependent!
2014-10-13 18:07:40,762 [Worker-5] INFO  o.e.m.c.i.embedder.EclipseLogger - Copying 0 resource
2014-10-13 18:07:40,765 [Worker-5] WARN  o.e.m.c.i.embedder.EclipseLogger - Using platform encoding (Cp1252 actually) to copy filtered resources, i.e. build is platform dependent!
2014-10-13 18:07:40,767 [Worker-5] INFO  o.e.m.c.i.embedder.EclipseLogger - Copying 0 resource
2014-10-13 18:08:14,106 [Worker-9] INFO  o.e.m.c.i.l.LifecycleMappingFactory - Using org.eclipse.m2e.jdt.JarLifecycleMapping lifecycle mapping for MavenProject: ar.com.interprete:spring-interprete-01:1.0 @ C:\spring-framework\gm\spring-interprete-01\pom.xml.
2014-10-13 18:08:14,158 [Worker-9] WARN  o.e.m.c.i.embedder.EclipseLogger - Using platform encoding (Cp1252 actually) to copy filtered resources, i.e. build is platform dependent!
2014-10-13 18:08:14,164 [Worker-9] INFO  o.e.m.c.i.embedder.EclipseLogger - Copying 0 resource
2014-10-13 18:08:14,166 [Worker-9] WARN  o.e.m.c.i.embedder.EclipseLogger - Using platform encoding (Cp1252 actually) to copy filtered resources, i.e. build is platform dependent!
2014-10-13 18:08:14,167 [Worker-9] INFO  o.e.m.c.i.embedder.EclipseLogger - Copying 0 resource
2014-10-13 18:10:19,657 [Worker-8] WARN  o.e.m.c.i.embedder.EclipseLogger - Using platform encoding (Cp1252 actually) to copy filtered resources, i.e. build is platform dependent!
2014-10-13 18:10:19,659 [Worker-8] INFO  o.e.m.c.i.embedder.EclipseLogger - Copying 0 resource
2014-10-13 18:10:19,660 [Worker-8] WARN  o.e.m.c.i.embedder.EclipseLogger - Using platform encoding (Cp1252 actually) to copy filtered resources, i.e. build is platform dependent!
2014-10-13 18:10:19,661 [Worker-8] INFO  o.e.m.c.i.embedder.EclipseLogger - Copying 0 resource
2014-10-13 18:11:17,891 [Worker-8] WARN  o.e.m.c.i.embedder.EclipseLogger - Using platform encoding (Cp1252 actually) to copy filtered resources, i.e. build is platform dependent!
2014-10-13 18:11:17,896 [Worker-8] INFO  o.e.m.c.i.embedder.EclipseLogger - Copying 0 resource
2014-10-13 18:11:17,899 [Worker-8] WARN  o.e.m.c.i.embedder.EclipseLogger - Using platform encoding (Cp1252 actually) to copy filtered resources, i.e. build is platform dependent!
2014-10-13 18:11:17,940 [Worker-8] INFO  o.e.m.c.i.embedder.EclipseLogger - Copying 0 resource
2014-10-13 18:11:19,069 [Worker-5] WARN  o.e.m.c.i.embedder.EclipseLogger - Using platform encoding (Cp1252 actually) to copy filtered resources, i.e. build is platform dependent!
2014-10-13 18:11:19,070 [Worker-5] INFO  o.e.m.c.i.embedder.EclipseLogger - Copying 0 resource
2014-10-13 18:11:19,071 [Worker-5] WARN  o.e.m.c.i.embedder.EclipseLogger - Using platform encoding (Cp1252 actually) to copy filtered resources, i.e. build is platform dependent!
2014-10-13 18:11:19,072 [Worker-5] INFO  o.e.m.c.i.embedder.EclipseLogger - Copying 0 resource
2014-10-13 18:12:23,824 [Worker-5] WARN  o.e.m.c.i.embedder.EclipseLogger - Using platform encoding (Cp1252 actually) to copy filtered resources, i.e. build is platform dependent!
2014-10-13 18:12:23,825 [Worker-5] INFO  o.e.m.c.i.embedder.EclipseLogger - Copying 0 resource
2014-10-13 18:12:23,827 [Worker-5] WARN  o.e.m.c.i.embedder.EclipseLogger - Using platform encoding (Cp1252 actually) to copy filtered resources, i.e. build is platform dependent!
2014-10-13 18:12:23,828 [Worker-5] INFO  o.e.m.c.i.embedder.EclipseLogger - Copying 0 resource
2014-10-13 18:12:53,739 [Worker-5] WARN  o.e.m.c.i.embedder.EclipseLogger - Using platform encoding (Cp1252 actually) to copy filtered resources, i.e. build is platform dependent!
2014-10-13 18:12:53,742 [Worker-5] INFO  o.e.m.c.i.embedder.EclipseLogger - Copying 0 resource
2014-10-13 18:12:53,746 [Worker-5] WARN  o.e.m.c.i.embedder.EclipseLogger - Using platform encoding (Cp1252 actually) to copy filtered resources, i.e. build is platform dependent!
2014-10-13 18:12:53,747 [Worker-5] INFO  o.e.m.c.i.embedder.EclipseLogger - Copying 0 resource
2014-10-13 18:14:04,940 [Worker-5] WARN  o.e.m.c.i.embedder.EclipseLogger - Using platform encoding (Cp1252 actually) to copy filtered resources, i.e. build is platform dependent!
2014-10-13 18:14:04,941 [Worker-5] INFO  o.e.m.c.i.embedder.EclipseLogger - Copying 0 resource
2014-10-13 18:14:04,944 [Worker-5] WARN  o.e.m.c.i.embedder.EclipseLogger - Using platform encoding (Cp1252 actually) to copy filtered resources, i.e. build is platform dependent!
2014-10-13 18:14:04,946 [Worker-5] INFO  o.e.m.c.i.embedder.EclipseLogger - Copying 0 resource
2014-10-13 18:14:35,504 [Worker-8] WARN  o.e.m.c.i.embedder.EclipseLogger - Using platform encoding (Cp1252 actually) to copy filtered resources, i.e. build is platform dependent!
2014-10-13 18:14:35,507 [Worker-8] INFO  o.e.m.c.i.embedder.EclipseLogger - Copying 0 resource
2014-10-13 18:14:35,509 [Worker-8] WARN  o.e.m.c.i.embedder.EclipseLogger - Using platform encoding (Cp1252 actually) to copy filtered resources, i.e. build is platform dependent!
2014-10-13 18:14:35,510 [Worker-8] INFO  o.e.m.c.i.embedder.EclipseLogger - Copying 0 resource
2014-10-13 18:16:41,133 [Worker-5] WARN  o.e.m.c.i.embedder.EclipseLogger - Using platform encoding (Cp1252 actually) to copy filtered resources, i.e. build is platform dependent!
2014-10-13 18:16:41,137 [Worker-5] INFO  o.e.m.c.i.embedder.EclipseLogger - Copying 0 resource
2014-10-13 18:16:41,139 [Worker-5] WARN  o.e.m.c.i.embedder.EclipseLogger - Using platform encoding (Cp1252 actually) to copy filtered resources, i.e. build is platform dependent!
2014-10-13 18:16:41,142 [Worker-5] INFO  o.e.m.c.i.embedder.EclipseLogger - Copying 0 resource
2014-10-13 18:18:23,085 [Worker-12] WARN  o.e.m.c.i.embedder.EclipseLogger - Using platform encoding (Cp1252 actually) to copy filtered resources, i.e. build is platform dependent!
2014-10-13 18:18:23,087 [Worker-12] INFO  o.e.m.c.i.embedder.EclipseLogger - Copying 0 resource
2014-10-13 18:18:23,089 [Worker-12] WARN  o.e.m.c.i.embedder.EclipseLogger - Using platform encoding (Cp1252 actually) to copy filtered resources, i.e. build is platform dependent!
2014-10-13 18:18:23,090 [Worker-12] INFO  o.e.m.c.i.embedder.EclipseLogger - Copying 0 resource
2014-10-13 18:18:43,543 [Worker-5] WARN  o.e.m.c.i.embedder.EclipseLogger - Using platform encoding (Cp1252 actually) to copy filtered resources, i.e. build is platform dependent!
2014-10-13 18:18:43,545 [Worker-5] INFO  o.e.m.c.i.embedder.EclipseLogger - Copying 0 resource
2014-10-13 18:18:43,547 [Worker-5] WARN  o.e.m.c.i.embedder.EclipseLogger - Using platform encoding (Cp1252 actually) to copy filtered resources, i.e. build is platform dependent!
2014-10-13 18:18:43,548 [Worker-5] INFO  o.e.m.c.i.embedder.EclipseLogger - Copying 0 resource
2014-10-13 18:26:16,475 [Worker-14] WARN  o.e.m.c.i.embedder.EclipseLogger - Using platform encoding (Cp1252 actually) to copy filtered resources, i.e. build is platform dependent!
2014-10-13 18:26:16,476 [Worker-14] INFO  o.e.m.c.i.embedder.EclipseLogger - Copying 0 resource
2014-10-13 18:26:16,478 [Worker-14] WARN  o.e.m.c.i.embedder.EclipseLogger - Using platform encoding (Cp1252 actually) to copy filtered resources, i.e. build is platform dependent!
2014-10-13 18:26:16,479 [Worker-14] INFO  o.e.m.c.i.embedder.EclipseLogger - Copying 0 resource
2014-10-13 18:49:48,979 [Worker-5] INFO  o.e.m.c.i.l.LifecycleMappingFactory - Using org.eclipse.m2e.jdt.JarLifecycleMapping lifecycle mapping for MavenProject: ar.com.interprete:spring-interprete-01:1.0 @ C:\spring-framework\gm\spring-interprete-01\pom.xml.
2014-10-13 18:49:49,660 [Worker-5] INFO  c.n.h.c.p.n.NettyAsyncHttpProvider - Number of application's worked threads is 8
2014-10-13 18:49:50,651 [New I/O client worker #1-1] INFO  o.e.m.c.i.e.AbstractTransferListenerAdapter - Downloading http://repo.maven.apache.org/maven2/org/springframework/spring-core/4.0.7.RELEASE/spring-core-4.0.7.RELEASE.jar
2014-10-13 18:49:54,988 [New I/O client worker #1-1] INFO  o.e.m.c.i.e.AbstractTransferListenerAdapter - Downloaded http://repo.maven.apache.org/maven2/org/springframework/spring-core/4.0.7.RELEASE/spring-core-4.0.7.RELEASE.jar
2014-10-13 18:49:56,512 [Worker-5] WARN  o.e.m.c.i.embedder.EclipseLogger - Using platform encoding (Cp1252 actually) to copy filtered resources, i.e. build is platform dependent!
2014-10-13 18:49:56,514 [Worker-5] INFO  o.e.m.c.i.embedder.EclipseLogger - Copying 0 resource
2014-10-13 18:49:56,517 [Worker-5] WARN  o.e.m.c.i.embedder.EclipseLogger - Using platform encoding (Cp1252 actually) to copy filtered resources, i.e. build is platform dependent!
2014-10-13 18:49:56,519 [Worker-5] INFO  o.e.m.c.i.embedder.EclipseLogger - Copying 0 resource
2014-10-13 18:49:58,035 [Worker-13] WARN  o.e.m.c.i.embedder.EclipseLogger - Using platform encoding (Cp1252 actually) to copy filtered resources, i.e. build is platform dependent!
2014-10-13 18:49:58,036 [Worker-13] INFO  o.e.m.c.i.embedder.EclipseLogger - Copying 0 resource
2014-10-13 18:49:58,039 [Worker-13] WARN  o.e.m.c.i.embedder.EclipseLogger - Using platform encoding (Cp1252 actually) to copy filtered resources, i.e. build is platform dependent!
2014-10-13 18:49:58,040 [Worker-13] INFO  o.e.m.c.i.embedder.EclipseLogger - Copying 0 resource
2014-10-13 18:53:30,686 [Worker-5] INFO  o.e.m.c.i.l.LifecycleMappingFactory - Using org.eclipse.m2e.jdt.JarLifecycleMapping lifecycle mapping for MavenProject: ar.com.interprete:spring-interprete-01:1.0 @ C:\spring-framework\gm\spring-interprete-01\pom.xml.
2014-10-13 18:53:30,720 [Worker-5] INFO  c.n.h.c.p.n.NettyAsyncHttpProvider - Number of application's worked threads is 8
2014-10-13 18:53:31,476 [New I/O client worker #2-1] INFO  o.e.m.c.i.e.AbstractTransferListenerAdapter - Downloading http://repo.maven.apache.org/maven2/org/springframework/spring-context-support/4.0.7.RELEASE/spring-context-support-4.0.7.RELEASE.pom
2014-10-13 18:53:31,479 [New I/O client worker #2-1] INFO  o.e.m.c.i.e.AbstractTransferListenerAdapter - Downloaded http://repo.maven.apache.org/maven2/org/springframework/spring-context-support/4.0.7.RELEASE/spring-context-support-4.0.7.RELEASE.pom
2014-10-13 18:53:32,273 [Worker-5] INFO  c.n.h.c.p.n.NettyAsyncHttpProvider - Number of application's worked threads is 8
2014-10-13 18:53:32,934 [New I/O client worker #3-1] INFO  o.e.m.c.i.e.AbstractTransferListenerAdapter - Downloading http://repo.maven.apache.org/maven2/org/springframework/spring-context-support/4.0.7.RELEASE/spring-context-support-4.0.7.RELEASE.jar
2014-10-13 18:53:32,963 [New I/O client worker #3-4] INFO  o.e.m.c.i.e.AbstractTransferListenerAdapter - Downloading http://repo.maven.apache.org/maven2/org/springframework/spring-aop/4.0.7.RELEASE/spring-aop-4.0.7.RELEASE.jar
2014-10-13 18:53:32,996 [New I/O client worker #3-2] INFO  o.e.m.c.i.e.AbstractTransferListenerAdapter - Downloading http://repo.maven.apache.org/maven2/org/springframework/spring-beans/4.0.7.RELEASE/spring-beans-4.0.7.RELEASE.jar
2014-10-13 18:53:33,029 [New I/O client worker #3-5] INFO  o.e.m.c.i.e.AbstractTransferListenerAdapter - Downloading http://repo.maven.apache.org/maven2/org/springframework/spring-expression/4.0.7.RELEASE/spring-expression-4.0.7.RELEASE.jar
2014-10-13 18:53:33,064 [New I/O client worker #3-3] INFO  o.e.m.c.i.e.AbstractTransferListenerAdapter - Downloading http://repo.maven.apache.org/maven2/org/springframework/spring-context/4.0.7.RELEASE/spring-context-4.0.7.RELEASE.jar
2014-10-13 18:53:35,282 [New I/O client worker #3-1] INFO  o.e.m.c.i.e.AbstractTransferListenerAdapter - Downloaded http://repo.maven.apache.org/maven2/org/springframework/spring-context-support/4.0.7.RELEASE/spring-context-support-4.0.7.RELEASE.jar
2014-10-13 18:53:36,064 [New I/O client worker #3-5] INFO  o.e.m.c.i.e.AbstractTransferListenerAdapter - Downloaded http://repo.maven.apache.org/maven2/org/springframework/spring-expression/4.0.7.RELEASE/spring-expression-4.0.7.RELEASE.jar
2014-10-13 18:53:36,639 [New I/O client worker #3-4] INFO  o.e.m.c.i.e.AbstractTransferListenerAdapter - Downloaded http://repo.maven.apache.org/maven2/org/springframework/spring-aop/4.0.7.RELEASE/spring-aop-4.0.7.RELEASE.jar
2014-10-13 18:53:38,297 [New I/O client worker #3-2] INFO  o.e.m.c.i.e.AbstractTransferListenerAdapter - Downloaded http://repo.maven.apache.org/maven2/org/springframework/spring-beans/4.0.7.RELEASE/spring-beans-4.0.7.RELEASE.jar
2014-10-13 18:53:41,270 [New I/O client worker #3-3] INFO  o.e.m.c.i.e.AbstractTransferListenerAdapter - Downloaded http://repo.maven.apache.org/maven2/org/springframework/spring-context/4.0.7.RELEASE/spring-context-4.0.7.RELEASE.jar
2014-10-13 18:53:42,881 [Worker-5] WARN  o.e.m.c.i.embedder.EclipseLogger - Using platform encoding (Cp1252 actually) to copy filtered resources, i.e. build is platform dependent!
2014-10-13 18:53:42,884 [Worker-5] INFO  o.e.m.c.i.embedder.EclipseLogger - Copying 0 resource
2014-10-13 18:53:42,886 [Worker-5] WARN  o.e.m.c.i.embedder.EclipseLogger - Using platform encoding (Cp1252 actually) to copy filtered resources, i.e. build is platform dependent!
2014-10-13 18:53:42,887 [Worker-5] INFO  o.e.m.c.i.embedder.EclipseLogger - Copying 0 resource
2014-10-13 18:53:44,138 [Worker-20] WARN  o.e.m.c.i.embedder.EclipseLogger - Using platform encoding (Cp1252 actually) to copy filtered resources, i.e. build is platform dependent!
2014-10-13 18:53:44,140 [Worker-20] INFO  o.e.m.c.i.embedder.EclipseLogger - Copying 0 resource
2014-10-13 18:53:44,141 [Worker-20] WARN  o.e.m.c.i.embedder.EclipseLogger - Using platform encoding (Cp1252 actually) to copy filtered resources, i.e. build is platform dependent!
2014-10-13 18:53:44,142 [Worker-20] INFO  o.e.m.c.i.embedder.EclipseLogger - Copying 0 resource
2014-10-13 18:56:00,365 [Worker-5] INFO  o.e.m.c.i.l.LifecycleMappingFactory - Using org.eclipse.m2e.jdt.JarLifecycleMapping lifecycle mapping for MavenProject: ar.com.interprete:spring-interprete-01:1.0 @ C:\spring-framework\gm\spring-interprete-01\pom.xml.
2014-10-13 18:56:00,409 [Worker-5] INFO  c.n.h.c.p.n.NettyAsyncHttpProvider - Number of application's worked threads is 8
2014-10-13 18:56:02,097 [New I/O client worker #4-1] INFO  o.e.m.c.i.e.AbstractTransferListenerAdapter - Downloading http://repo.maven.apache.org/maven2/org/springframework/spring-test/4.0.7.RELEASE/spring-test-4.0.7.RELEASE.pom
2014-10-13 18:56:02,098 [New I/O client worker #4-1] INFO  o.e.m.c.i.e.AbstractTransferListenerAdapter - Downloaded http://repo.maven.apache.org/maven2/org/springframework/spring-test/4.0.7.RELEASE/spring-test-4.0.7.RELEASE.pom
2014-10-13 18:56:02,324 [Worker-5] INFO  c.n.h.c.p.n.NettyAsyncHttpProvider - Number of application's worked threads is 8
2014-10-13 18:56:02,751 [New I/O client worker #5-1] INFO  o.e.m.c.i.e.AbstractTransferListenerAdapter - Downloading http://repo.maven.apache.org/maven2/org/springframework/spring-test/4.0.7.RELEASE/spring-test-4.0.7.RELEASE.jar
2014-10-13 18:56:04,857 [New I/O client worker #5-1] INFO  o.e.m.c.i.e.AbstractTransferListenerAdapter - Downloaded http://repo.maven.apache.org/maven2/org/springframework/spring-test/4.0.7.RELEASE/spring-test-4.0.7.RELEASE.jar
2014-10-13 18:56:05,685 [Worker-5] WARN  o.e.m.c.i.embedder.EclipseLogger - Using platform encoding (Cp1252 actually) to copy filtered resources, i.e. build is platform dependent!
2014-10-13 18:56:05,686 [Worker-5] INFO  o.e.m.c.i.embedder.EclipseLogger - Copying 0 resource
2014-10-13 18:56:05,689 [Worker-5] WARN  o.e.m.c.i.embedder.EclipseLogger - Using platform encoding (Cp1252 actually) to copy filtered resources, i.e. build is platform dependent!
2014-10-13 18:56:05,690 [Worker-5] INFO  o.e.m.c.i.embedder.EclipseLogger - Copying 0 resource
2014-10-13 18:56:06,934 [Worker-18] WARN  o.e.m.c.i.embedder.EclipseLogger - Using platform encoding (Cp1252 actually) to copy filtered resources, i.e. build is platform dependent!
2014-10-13 18:56:06,936 [Worker-18] INFO  o.e.m.c.i.embedder.EclipseLogger - Copying 0 resource
2014-10-13 18:56:06,938 [Worker-18] WARN  o.e.m.c.i.embedder.EclipseLogger - Using platform encoding (Cp1252 actually) to copy filtered resources, i.e. build is platform dependent!
2014-10-13 18:56:06,940 [Worker-18] INFO  o.e.m.c.i.embedder.EclipseLogger - Copying 0 resource
2014-10-13 18:57:31,224 [Worker-18] INFO  o.e.m.c.i.l.LifecycleMappingFactory - Using org.eclipse.m2e.jdt.JarLifecycleMapping lifecycle mapping for MavenProject: ar.com.interprete:spring-interprete-01:1.0 @ C:\spring-framework\gm\spring-interprete-01\pom.xml.
2014-10-13 18:57:31,477 [Worker-18] WARN  o.e.m.c.i.embedder.EclipseLogger - Using platform encoding (Cp1252 actually) to copy filtered resources, i.e. build is platform dependent!
2014-10-13 18:57:31,481 [Worker-18] INFO  o.e.m.c.i.embedder.EclipseLogger - Copying 0 resource
2014-10-13 18:57:31,484 [Worker-18] WARN  o.e.m.c.i.embedder.EclipseLogger - Using platform encoding (Cp1252 actually) to copy filtered resources, i.e. build is platform dependent!
2014-10-13 18:57:31,486 [Worker-18] INFO  o.e.m.c.i.embedder.EclipseLogger - Copying 0 resource
2014-10-13 18:57:32,678 [Worker-5] WARN  o.e.m.c.i.embedder.EclipseLogger - Using platform encoding (Cp1252 actually) to copy filtered resources, i.e. build is platform dependent!
2014-10-13 18:57:32,680 [Worker-5] INFO  o.e.m.c.i.embedder.EclipseLogger - Copying 0 resource
2014-10-13 18:57:32,683 [Worker-5] WARN  o.e.m.c.i.embedder.EclipseLogger - Using platform encoding (Cp1252 actually) to copy filtered resources, i.e. build is platform dependent!
2014-10-13 18:57:32,684 [Worker-5] INFO  o.e.m.c.i.embedder.EclipseLogger - Copying 0 resource
2014-10-13 18:58:09,879 [Worker-13] WARN  o.e.m.c.i.embedder.EclipseLogger - Using platform encoding (Cp1252 actually) to copy filtered resources, i.e. build is platform dependent!
2014-10-13 18:58:09,881 [Worker-13] INFO  o.e.m.c.i.embedder.EclipseLogger - Copying 0 resource
2014-10-13 18:58:09,882 [Worker-13] WARN  o.e.m.c.i.embedder.EclipseLogger - Using platform encoding (Cp1252 actually) to copy filtered resources, i.e. build is platform dependent!
2014-10-13 18:58:09,884 [Worker-13] INFO  o.e.m.c.i.embedder.EclipseLogger - Copying 0 resource
2014-10-13 18:58:42,808 [Worker-21] WARN  o.e.m.c.i.embedder.EclipseLogger - Using platform encoding (Cp1252 actually) to copy filtered resources, i.e. build is platform dependent!
2014-10-13 18:58:42,810 [Worker-21] INFO  o.e.m.c.i.embedder.EclipseLogger - Copying 0 resource
2014-10-13 18:58:42,811 [Worker-21] WARN  o.e.m.c.i.embedder.EclipseLogger - Using platform encoding (Cp1252 actually) to copy filtered resources, i.e. build is platform dependent!
2014-10-13 18:58:42,812 [Worker-21] INFO  o.e.m.c.i.embedder.EclipseLogger - Copying 0 resource
2014-10-13 19:00:42,534 [Worker-22] WARN  o.e.m.c.i.embedder.EclipseLogger - Using platform encoding (Cp1252 actually) to copy filtered resources, i.e. build is platform dependent!
2014-10-13 19:00:42,536 [Worker-22] INFO  o.e.m.c.i.embedder.EclipseLogger - Copying 0 resource
2014-10-13 19:00:42,538 [Worker-22] WARN  o.e.m.c.i.embedder.EclipseLogger - Using platform encoding (Cp1252 actually) to copy filtered resources, i.e. build is platform dependent!
2014-10-13 19:00:42,539 [Worker-22] INFO  o.e.m.c.i.embedder.EclipseLogger - Copying 0 resource
2014-10-13 19:00:58,301 [Worker-5] WARN  o.e.m.c.i.embedder.EclipseLogger - Using platform encoding (Cp1252 actually) to copy filtered resources, i.e. build is platform dependent!
2014-10-13 19:00:58,303 [Worker-5] INFO  o.e.m.c.i.embedder.EclipseLogger - Copying 0 resource
2014-10-13 19:00:58,305 [Worker-5] WARN  o.e.m.c.i.embedder.EclipseLogger - Using platform encoding (Cp1252 actually) to copy filtered resources, i.e. build is platform dependent!
2014-10-13 19:00:58,306 [Worker-5] INFO  o.e.m.c.i.embedder.EclipseLogger - Copying 0 resource
2014-10-13 19:01:15,684 [Worker-22] WARN  o.e.m.c.i.embedder.EclipseLogger - Using platform encoding (Cp1252 actually) to copy filtered resources, i.e. build is platform dependent!
2014-10-13 19:01:15,686 [Worker-22] INFO  o.e.m.c.i.embedder.EclipseLogger - Copying 0 resource
2014-10-13 19:01:15,687 [Worker-22] WARN  o.e.m.c.i.embedder.EclipseLogger - Using platform encoding (Cp1252 actually) to copy filtered resources, i.e. build is platform dependent!
2014-10-13 19:01:15,688 [Worker-22] INFO  o.e.m.c.i.embedder.EclipseLogger - Copying 0 resource
2014-10-13 19:01:47,405 [Worker-13] WARN  o.e.m.c.i.embedder.EclipseLogger - Using platform encoding (Cp1252 actually) to copy filtered resources, i.e. build is platform dependent!
2014-10-13 19:01:47,407 [Worker-13] INFO  o.e.m.c.i.embedder.EclipseLogger - Copying 0 resource
2014-10-13 19:01:47,408 [Worker-13] WARN  o.e.m.c.i.embedder.EclipseLogger - Using platform encoding (Cp1252 actually) to copy filtered resources, i.e. build is platform dependent!
2014-10-13 19:01:47,409 [Worker-13] INFO  o.e.m.c.i.embedder.EclipseLogger - Copying 0 resource
2014-10-13 19:04:49,281 [Worker-21] WARN  o.e.m.c.i.embedder.EclipseLogger - Using platform encoding (Cp1252 actually) to copy filtered resources, i.e. build is platform dependent!
2014-10-13 19:04:49,283 [Worker-21] INFO  o.e.m.c.i.embedder.EclipseLogger - Copying 0 resource
2014-10-13 19:04:49,285 [Worker-21] WARN  o.e.m.c.i.embedder.EclipseLogger - Using platform encoding (Cp1252 actually) to copy filtered resources, i.e. build is platform dependent!
2014-10-13 19:04:49,286 [Worker-21] INFO  o.e.m.c.i.embedder.EclipseLogger - Copying 0 resource
2014-10-13 19:08:32,274 [Worker-24] INFO  o.e.m.c.i.l.LifecycleMappingFactory - Using org.eclipse.m2e.jdt.JarLifecycleMapping lifecycle mapping for MavenProject: ar.com.interprete:spring-interprete-01:1.0 @ C:\spring-framework\gm\spring-interprete-01\pom.xml.
2014-10-13 19:08:32,363 [Worker-24] WARN  o.e.m.c.i.embedder.EclipseLogger - Using platform encoding (Cp1252 actually) to copy filtered resources, i.e. build is platform dependent!
2014-10-13 19:08:32,365 [Worker-24] INFO  o.e.m.c.i.embedder.EclipseLogger - Copying 1 resource
2014-10-13 19:08:32,376 [Worker-24] WARN  o.e.m.c.i.embedder.EclipseLogger - Using platform encoding (Cp1252 actually) to copy filtered resources, i.e. build is platform dependent!
2014-10-13 19:08:32,377 [Worker-24] INFO  o.e.m.c.i.embedder.EclipseLogger - Copying 0 resource
2014-10-13 19:08:33,596 [Worker-23] WARN  o.e.m.c.i.embedder.EclipseLogger - Using platform encoding (Cp1252 actually) to copy filtered resources, i.e. build is platform dependent!
2014-10-13 19:08:33,597 [Worker-23] INFO  o.e.m.c.i.embedder.EclipseLogger - Copying 0 resource
2014-10-13 19:08:33,600 [Worker-23] WARN  o.e.m.c.i.embedder.EclipseLogger - Using platform encoding (Cp1252 actually) to copy filtered resources, i.e. build is platform dependent!
2014-10-13 19:08:33,601 [Worker-23] INFO  o.e.m.c.i.embedder.EclipseLogger - Copying 0 resource
2014-10-13 19:27:14,551 [Worker-24] WARN  o.e.m.c.i.embedder.EclipseLogger - Using platform encoding (Cp1252 actually) to copy filtered resources, i.e. build is platform dependent!
2014-10-13 19:27:14,553 [Worker-24] INFO  o.e.m.c.i.embedder.EclipseLogger - Copying 1 resource
2014-10-13 19:27:14,555 [Worker-24] WARN  o.e.m.c.i.embedder.EclipseLogger - Using platform encoding (Cp1252 actually) to copy filtered resources, i.e. build is platform dependent!
2014-10-13 19:27:14,556 [Worker-24] INFO  o.e.m.c.i.embedder.EclipseLogger - Copying 0 resource
2014-10-13 19:32:21,373 [Worker-13] WARN  o.e.m.c.i.embedder.EclipseLogger - Using platform encoding (Cp1252 actually) to copy filtered resources, i.e. build is platform dependent!
2014-10-13 19:32:21,380 [Worker-13] INFO  o.e.m.c.i.embedder.EclipseLogger - Copying 1 resource
2014-10-13 19:32:21,383 [Worker-13] WARN  o.e.m.c.i.embedder.EclipseLogger - Using platform encoding (Cp1252 actually) to copy filtered resources, i.e. build is platform dependent!
2014-10-13 19:32:21,385 [Worker-13] INFO  o.e.m.c.i.embedder.EclipseLogger - Copying 0 resource
2014-10-13 19:37:26,273 [Worker-24] WARN  o.e.m.c.i.embedder.EclipseLogger - Using platform encoding (Cp1252 actually) to copy filtered resources, i.e. build is platform dependent!
2014-10-13 19:37:26,275 [Worker-24] INFO  o.e.m.c.i.embedder.EclipseLogger - Copying 1 resource
2014-10-13 19:37:26,277 [Worker-24] WARN  o.e.m.c.i.embedder.EclipseLogger - Using platform encoding (Cp1252 actually) to copy filtered resources, i.e. build is platform dependent!
2014-10-13 19:37:26,278 [Worker-24] INFO  o.e.m.c.i.embedder.EclipseLogger - Copying 0 resource
2014-10-13 19:42:59,777 [Worker-28] WARN  o.e.m.c.i.embedder.EclipseLogger - Using platform encoding (Cp1252 actually) to copy filtered resources, i.e. build is platform dependent!
2014-10-13 19:42:59,779 [Worker-28] INFO  o.e.m.c.i.embedder.EclipseLogger - Copying 1 resource
2014-10-13 19:42:59,782 [Worker-28] WARN  o.e.m.c.i.embedder.EclipseLogger - Using platform encoding (Cp1252 actually) to copy filtered resources, i.e. build is platform dependent!
2014-10-13 19:42:59,783 [Worker-28] INFO  o.e.m.c.i.embedder.EclipseLogger - Copying 0 resource
2014-10-13 19:45:59,422 [Worker-24] WARN  o.e.m.c.i.embedder.EclipseLogger - Using platform encoding (Cp1252 actually) to copy filtered resources, i.e. build is platform dependent!
2014-10-13 19:45:59,424 [Worker-24] INFO  o.e.m.c.i.embedder.EclipseLogger - Copying 1 resource
2014-10-13 19:45:59,427 [Worker-24] WARN  o.e.m.c.i.embedder.EclipseLogger - Using platform encoding (Cp1252 actually) to copy filtered resources, i.e. build is platform dependent!
2014-10-13 19:45:59,428 [Worker-24] INFO  o.e.m.c.i.embedder.EclipseLogger - Copying 0 resource
2014-10-13 20:36:48,279 [Worker-30] WARN  o.e.m.c.i.embedder.EclipseLogger - Using platform encoding (Cp1252 actually) to copy filtered resources, i.e. build is platform dependent!
2014-10-13 20:36:48,504 [Worker-30] INFO  o.e.m.c.i.embedder.EclipseLogger - Copying 1 resource
2014-10-13 20:36:48,508 [Worker-30] WARN  o.e.m.c.i.embedder.EclipseLogger - Using platform encoding (Cp1252 actually) to copy filtered resources, i.e. build is platform dependent!
2014-10-13 20:36:48,510 [Worker-30] INFO  o.e.m.c.i.embedder.EclipseLogger - Copying 0 resource
2014-10-13 20:47:24,273 [Worker-26] WARN  o.e.m.c.i.embedder.EclipseLogger - Using platform encoding (Cp1252 actually) to copy filtered resources, i.e. build is platform dependent!
2014-10-13 20:47:24,275 [Worker-26] INFO  o.e.m.c.i.embedder.EclipseLogger - Copying 1 resource
2014-10-13 20:47:24,276 [Worker-26] WARN  o.e.m.c.i.embedder.EclipseLogger - Using platform encoding (Cp1252 actually) to copy filtered resources, i.e. build is platform dependent!
2014-10-13 20:47:24,278 [Worker-26] INFO  o.e.m.c.i.embedder.EclipseLogger - Copying 0 resource
2014-10-13 20:49:06,376 [Worker-33] WARN  o.e.m.c.i.embedder.EclipseLogger - Using platform encoding (Cp1252 actually) to copy filtered resources, i.e. build is platform dependent!
2014-10-13 20:49:06,380 [Worker-33] INFO  o.e.m.c.i.embedder.EclipseLogger - Copying 1 resource
2014-10-13 20:49:06,385 [Worker-33] WARN  o.e.m.c.i.embedder.EclipseLogger - Using platform encoding (Cp1252 actually) to copy filtered resources, i.e. build is platform dependent!
2014-10-13 20:49:06,388 [Worker-33] INFO  o.e.m.c.i.embedder.EclipseLogger - Copying 0 resource
2014-10-13 21:13:23,257 [Worker-35] WARN  o.e.m.c.i.embedder.EclipseLogger - Using platform encoding (Cp1252 actually) to copy filtered resources, i.e. build is platform dependent!
2014-10-13 21:13:23,259 [Worker-35] INFO  o.e.m.c.i.embedder.EclipseLogger - Copying 1 resource
2014-10-13 21:13:23,261 [Worker-35] WARN  o.e.m.c.i.embedder.EclipseLogger - Using platform encoding (Cp1252 actually) to copy filtered resources, i.e. build is platform dependent!
2014-10-13 21:13:23,262 [Worker-35] INFO  o.e.m.c.i.embedder.EclipseLogger - Copying 0 resource
2014-10-13 21:14:33,201 [Worker-38] WARN  o.e.m.c.i.embedder.EclipseLogger - Using platform encoding (Cp1252 actually) to copy filtered resources, i.e. build is platform dependent!
2014-10-13 21:14:33,204 [Worker-38] INFO  o.e.m.c.i.embedder.EclipseLogger - Copying 1 resource
2014-10-13 21:14:33,205 [Worker-38] WARN  o.e.m.c.i.embedder.EclipseLogger - Using platform encoding (Cp1252 actually) to copy filtered resources, i.e. build is platform dependent!
2014-10-13 21:14:33,207 [Worker-38] INFO  o.e.m.c.i.embedder.EclipseLogger - Copying 0 resource
2014-10-13 21:14:54,332 [Worker-38] WARN  o.e.m.c.i.embedder.EclipseLogger - Using platform encoding (Cp1252 actually) to copy filtered resources, i.e. build is platform dependent!
2014-10-13 21:14:54,335 [Worker-38] INFO  o.e.m.c.i.embedder.EclipseLogger - Copying 1 resource
2014-10-13 21:14:54,338 [Worker-38] WARN  o.e.m.c.i.embedder.EclipseLogger - Using platform encoding (Cp1252 actually) to copy filtered resources, i.e. build is platform dependent!
2014-10-13 21:14:54,339 [Worker-38] INFO  o.e.m.c.i.embedder.EclipseLogger - Copying 0 resource
2014-10-13 21:17:13,520 [Worker-30] WARN  o.e.m.c.i.embedder.EclipseLogger - Using platform encoding (Cp1252 actually) to copy filtered resources, i.e. build is platform dependent!
2014-10-13 21:17:13,522 [Worker-30] INFO  o.e.m.c.i.embedder.EclipseLogger - Copying 1 resource
2014-10-13 21:17:13,524 [Worker-30] WARN  o.e.m.c.i.embedder.EclipseLogger - Using platform encoding (Cp1252 actually) to copy filtered resources, i.e. build is platform dependent!
2014-10-13 21:17:13,525 [Worker-30] INFO  o.e.m.c.i.embedder.EclipseLogger - Copying 0 resource
2014-10-13 21:17:38,334 [Worker-35] WARN  o.e.m.c.i.embedder.EclipseLogger - Using platform encoding (Cp1252 actually) to copy filtered resources, i.e. build is platform dependent!
2014-10-13 21:17:38,336 [Worker-35] INFO  o.e.m.c.i.embedder.EclipseLogger - Copying 1 resource
2014-10-13 21:17:38,338 [Worker-35] WARN  o.e.m.c.i.embedder.EclipseLogger - Using platform encoding (Cp1252 actually) to copy filtered resources, i.e. build is platform dependent!
2014-10-13 21:17:38,340 [Worker-35] INFO  o.e.m.c.i.embedder.EclipseLogger - Copying 0 resource
2014-10-13 21:18:26,234 [Worker-32] WARN  o.e.m.c.i.embedder.EclipseLogger - Using platform encoding (Cp1252 actually) to copy filtered resources, i.e. build is platform dependent!
2014-10-13 21:18:26,236 [Worker-32] INFO  o.e.m.c.i.embedder.EclipseLogger - Copying 1 resource
2014-10-13 21:18:26,238 [Worker-32] WARN  o.e.m.c.i.embedder.EclipseLogger - Using platform encoding (Cp1252 actually) to copy filtered resources, i.e. build is platform dependent!
2014-10-13 21:18:26,239 [Worker-32] INFO  o.e.m.c.i.embedder.EclipseLogger - Copying 0 resource
